{"C:\\Users\\LENOVO\\OneDrive\\Desktop\\TP4\\src\\app.js": {"path":"C:\\Users\\LENOVO\\OneDrive\\Desktop\\TP4\\src\\app.js","statementMap":{"0":{"start":{"line":14,"column":18},"end":{"line":14,"column":49}},"1":{"start":{"line":15,"column":18},"end":{"line":15,"column":42}},"2":{"start":{"line":17,"column":11},"end":{"line":17,"column":21}},"3":{"start":{"line":20,"column":0},"end":{"line":20,"column":89}},"4":{"start":{"line":20,"column":28},"end":{"line":20,"column":87}},"5":{"start":{"line":21,"column":0},"end":{"line":21,"column":62}},"6":{"start":{"line":21,"column":34},"end":{"line":21,"column":60}},"7":{"start":{"line":24,"column":16},"end":{"line":24,"column":54}},"8":{"start":{"line":25,"column":0},"end":{"line":33,"column":1}},"9":{"start":{"line":26,"column":16},"end":{"line":26,"column":76}},"10":{"start":{"line":26,"column":52},"end":{"line":26,"column":75}},"11":{"start":{"line":27,"column":2},"end":{"line":32,"column":3}},"12":{"start":{"line":28,"column":17},"end":{"line":28,"column":38}},"13":{"start":{"line":29,"column":16},"end":{"line":29,"column":54}},"14":{"start":{"line":30,"column":19},"end":{"line":30,"column":30}},"15":{"start":{"line":31,"column":4},"end":{"line":31,"column":37}},"16":{"start":{"line":31,"column":16},"end":{"line":31,"column":37}},"17":{"start":{"line":36,"column":0},"end":{"line":36,"column":22}}},"fnMap":{"0":{"name":"(anonymous_0)","decl":{"start":{"line":20,"column":13},"end":{"line":20,"column":14}},"loc":{"start":{"line":20,"column":28},"end":{"line":20,"column":87}},"line":20},"1":{"name":"(anonymous_1)","decl":{"start":{"line":21,"column":19},"end":{"line":21,"column":20}},"loc":{"start":{"line":21,"column":34},"end":{"line":21,"column":60}},"line":21},"2":{"name":"(anonymous_2)","decl":{"start":{"line":26,"column":47},"end":{"line":26,"column":48}},"loc":{"start":{"line":26,"column":52},"end":{"line":26,"column":75}},"line":26}},"branchMap":{"0":{"loc":{"start":{"line":25,"column":0},"end":{"line":33,"column":1}},"type":"if","locations":[{"start":{"line":25,"column":0},"end":{"line":33,"column":1}},{"start":{},"end":{}}],"line":25},"1":{"loc":{"start":{"line":31,"column":4},"end":{"line":31,"column":37}},"type":"if","locations":[{"start":{"line":31,"column":4},"end":{"line":31,"column":37}},{"start":{},"end":{}}],"line":31}},"s":{"0":4,"1":4,"2":4,"3":4,"4":0,"5":4,"6":1,"7":4,"8":4,"9":4,"10":12,"11":4,"12":12,"13":12,"14":12,"15":12,"16":12,"17":4},"f":{"0":0,"1":1,"2":12},"b":{"0":[4,0],"1":[12,0]},"meta":{"lastBranch":2,"lastFunction":3,"lastStatement":18,"seen":{"s:14:18:14:49":0,"s:15:18:15:42":1,"s:17:11:17:21":2,"s:20:0:20:89":3,"f:20:13:20:14":0,"s:20:28:20:87":4,"s:21:0:21:62":5,"f:21:19:21:20":1,"s:21:34:21:60":6,"s:24:16:24:54":7,"b:25:0:33:1:undefined:undefined:undefined:undefined":0,"s:25:0:33:1":8,"s:26:16:26:76":9,"f:26:47:26:48":2,"s:26:52:26:75":10,"s:27:2:32:3":11,"s:28:17:28:38":12,"s:29:16:29:54":13,"s:30:19:30:30":14,"b:31:4:31:37:undefined:undefined:undefined:undefined":1,"s:31:4:31:37":15,"s:31:16:31:37":16,"s:36:0:36:22":17}}}
,"C:\\Users\\LENOVO\\OneDrive\\Desktop\\TP4\\src\\routes\\auto\\boom.route.js": {"path":"C:\\Users\\LENOVO\\OneDrive\\Desktop\\TP4\\src\\routes\\auto\\boom.route.js","statementMap":{"0":{"start":{"line":6,"column":14},"end":{"line":6,"column":23}},"1":{"start":{"line":8,"column":0},"end":{"line":12,"column":3}},"2":{"start":{"line":9,"column":14},"end":{"line":9,"column":32}},"3":{"start":{"line":10,"column":2},"end":{"line":10,"column":19}},"4":{"start":{"line":11,"column":2},"end":{"line":11,"column":12}}},"fnMap":{"0":{"name":"(anonymous_0)","decl":{"start":{"line":8,"column":20},"end":{"line":8,"column":21}},"loc":{"start":{"line":8,"column":42},"end":{"line":12,"column":1}},"line":8}},"branchMap":{},"s":{"0":4,"1":4,"2":1,"3":1,"4":1},"f":{"0":1},"b":{},"meta":{"lastBranch":0,"lastFunction":1,"lastStatement":5,"seen":{"s:6:14:6:23":0,"s:8:0:12:3":1,"f:8:20:8:21":0,"s:9:14:9:32":2,"s:10:2:10:19":3,"s:11:2:11:12":4}}}
,"C:\\Users\\LENOVO\\OneDrive\\Desktop\\TP4\\src\\routes\\auto\\info.route.js": {"path":"C:\\Users\\LENOVO\\OneDrive\\Desktop\\TP4\\src\\routes\\auto\\info.route.js","statementMap":{"0":{"start":{"line":8,"column":14},"end":{"line":8,"column":23}},"1":{"start":{"line":10,"column":0},"end":{"line":13,"column":3}},"2":{"start":{"line":11,"column":15},"end":{"line":11,"column":59}},"3":{"start":{"line":12,"column":2},"end":{"line":12,"column":29}}},"fnMap":{"0":{"name":"(anonymous_0)","decl":{"start":{"line":10,"column":20},"end":{"line":10,"column":21}},"loc":{"start":{"line":10,"column":35},"end":{"line":13,"column":1}},"line":10}},"branchMap":{},"s":{"0":4,"1":4,"2":2,"3":2},"f":{"0":2},"b":{},"meta":{"lastBranch":0,"lastFunction":1,"lastStatement":4,"seen":{"s:8:14:8:23":0,"s:10:0:13:3":1,"f:10:20:10:21":0,"s:11:15:11:59":2,"s:12:2:12:29":3}}}
,"C:\\Users\\LENOVO\\OneDrive\\Desktop\\TP4\\src\\routes\\auto\\version.route.js": {"path":"C:\\Users\\LENOVO\\OneDrive\\Desktop\\TP4\\src\\routes\\auto\\version.route.js","statementMap":{"0":{"start":{"line":10,"column":18},"end":{"line":10,"column":49}},"1":{"start":{"line":11,"column":18},"end":{"line":11,"column":42}},"2":{"start":{"line":13,"column":14},"end":{"line":13,"column":23}},"3":{"start":{"line":15,"column":0},"end":{"line":20,"column":3}},"4":{"start":{"line":16,"column":14},"end":{"line":18,"column":3}},"5":{"start":{"line":19,"column":2},"end":{"line":19,"column":49}}},"fnMap":{"0":{"name":"(anonymous_0)","decl":{"start":{"line":15,"column":23},"end":{"line":15,"column":24}},"loc":{"start":{"line":15,"column":38},"end":{"line":20,"column":1}},"line":15}},"branchMap":{},"s":{"0":4,"1":4,"2":4,"3":4,"4":2,"5":2},"f":{"0":2},"b":{},"meta":{"lastBranch":0,"lastFunction":1,"lastStatement":6,"seen":{"s:10:18:10:49":0,"s:11:18:11:42":1,"s:13:14:13:23":2,"s:15:0:20:3":3,"f:15:23:15:24":0,"s:16:14:18:3":4,"s:19:2:19:49":5}}}
,"C:\\Users\\LENOVO\\OneDrive\\Desktop\\TP4\\src\\utils\\appInfo.js": {"path":"C:\\Users\\LENOVO\\OneDrive\\Desktop\\TP4\\src\\utils\\appInfo.js","statementMap":{"0":{"start":{"line":9,"column":18},"end":{"line":9,"column":49}},"1":{"start":{"line":10,"column":18},"end":{"line":10,"column":42}},"2":{"start":{"line":13,"column":14},"end":{"line":15,"column":3}},"3":{"start":{"line":16,"column":2},"end":{"line":16,"column":50}},"4":{"start":{"line":20,"column":2},"end":{"line":20,"column":61}}},"fnMap":{"0":{"name":"getPackageInfo","decl":{"start":{"line":12,"column":16},"end":{"line":12,"column":30}},"loc":{"start":{"line":12,"column":33},"end":{"line":17,"column":1}},"line":12},"1":{"name":"getRuntimeInfo","decl":{"start":{"line":19,"column":16},"end":{"line":19,"column":30}},"loc":{"start":{"line":19,"column":33},"end":{"line":21,"column":1}},"line":19}},"branchMap":{},"s":{"0":5,"1":5,"2":3,"3":3,"4":4},"f":{"0":3,"1":4},"b":{},"meta":{"lastBranch":0,"lastFunction":2,"lastStatement":5,"seen":{"s:9:18:9:49":0,"s:10:18:10:42":1,"f:12:16:12:30":0,"s:13:14:15:3":2,"s:16:2:16:50":3,"f:19:16:19:30":1,"s:20:2:20:61":4}}}
,"C:\\Users\\LENOVO\\OneDrive\\Desktop\\TP4\\src\\utils\\errorHandler.js": {"path":"C:\\Users\\LENOVO\\OneDrive\\Desktop\\TP4\\src\\utils\\errorHandler.js","statementMap":{"0":{"start":{"line":6,"column":17},"end":{"line":6,"column":35}},"1":{"start":{"line":7,"column":18},"end":{"line":7,"column":57}},"2":{"start":{"line":8,"column":2},"end":{"line":8,"column":52}}},"fnMap":{"0":{"name":"errorHandler","decl":{"start":{"line":5,"column":16},"end":{"line":5,"column":28}},"loc":{"start":{"line":5,"column":52},"end":{"line":9,"column":1}},"line":5}},"branchMap":{"0":{"loc":{"start":{"line":6,"column":17},"end":{"line":6,"column":35}},"type":"binary-expr","locations":[{"start":{"line":6,"column":17},"end":{"line":6,"column":28}},{"start":{"line":6,"column":32},"end":{"line":6,"column":35}}],"line":6},"1":{"loc":{"start":{"line":7,"column":18},"end":{"line":7,"column":57}},"type":"binary-expr","locations":[{"start":{"line":7,"column":18},"end":{"line":7,"column":30}},{"start":{"line":7,"column":34},"end":{"line":7,"column":57}}],"line":7}},"s":{"0":3,"1":3,"2":3},"f":{"0":3},"b":{"0":[3,1],"1":[3,1]},"meta":{"lastBranch":2,"lastFunction":1,"lastStatement":3,"seen":{"f:5:16:5:28":0,"s:6:17:6:35":0,"b:6:17:6:28:6:32:6:35":0,"s:7:18:7:57":1,"b:7:18:7:30:7:34:7:57":1,"s:8:2:8:52":2}}}
,"C:\\Users\\LENOVO\\OneDrive\\Desktop\\TP4\\src\\utils\\status.js": {"path":"C:\\Users\\LENOVO\\OneDrive\\Desktop\\TP4\\src\\utils\\status.js","statementMap":{"0":{"start":{"line":6,"column":2},"end":{"line":6,"column":55}},"1":{"start":{"line":6,"column":21},"end":{"line":6,"column":55}},"2":{"start":{"line":7,"column":2},"end":{"line":7,"column":42}},"3":{"start":{"line":7,"column":22},"end":{"line":7,"column":42}},"4":{"start":{"line":8,"column":2},"end":{"line":8,"column":41}},"5":{"start":{"line":8,"column":24},"end":{"line":8,"column":41}},"6":{"start":{"line":9,"column":2},"end":{"line":9,"column":18}}},"fnMap":{"0":{"name":"formatStatus","decl":{"start":{"line":5,"column":16},"end":{"line":5,"column":28}},"loc":{"start":{"line":5,"column":40},"end":{"line":10,"column":1}},"line":5}},"branchMap":{"0":{"loc":{"start":{"line":6,"column":2},"end":{"line":6,"column":55}},"type":"if","locations":[{"start":{"line":6,"column":2},"end":{"line":6,"column":55}},{"start":{},"end":{}}],"line":6},"1":{"loc":{"start":{"line":7,"column":2},"end":{"line":7,"column":42}},"type":"if","locations":[{"start":{"line":7,"column":2},"end":{"line":7,"column":42}},{"start":{},"end":{}}],"line":7},"2":{"loc":{"start":{"line":8,"column":2},"end":{"line":8,"column":41}},"type":"if","locations":[{"start":{"line":8,"column":2},"end":{"line":8,"column":41}},{"start":{},"end":{}}],"line":8}},"s":{"0":4,"1":1,"2":3,"3":1,"4":2,"5":2,"6":1},"f":{"0":4},"b":{"0":[1,3],"1":[1,2],"2":[1,1]},"meta":{"lastBranch":3,"lastFunction":1,"lastStatement":7,"seen":{"f:5:16:5:28":0,"b:6:2:6:55:undefined:undefined:undefined:undefined":0,"s:6:2:6:55":0,"s:6:21:6:55":1,"b:7:2:7:42:undefined:undefined:undefined:undefined":1,"s:7:2:7:42":2,"s:7:22:7:42":3,"b:8:2:8:41:undefined:undefined:undefined:undefined":2,"s:8:2:8:41":4,"s:8:24:8:41":5,"s:9:2:9:18":6}}}
}
